<?xml version="1.0" encoding="UTF-8"?>
<testng-results ignored="0" total="22" passed="18" failed="4" skipped="0">
  <reporter-output>
  </reporter-output>
  <suite started-at="2025-04-05T19:16:32 IST" name="Suite" finished-at="2025-04-05T19:17:36 IST" duration-ms="64291">
    <groups>
      <group name="functional">
        <method signature="TS001.TS001_TC003()[pri:2, instance:com.qa.testcases.TS001@35e2d654]" name="TS001_TC003" class="com.qa.testcases.TS001"/>
        <method signature="TS001.TS001_TC003()[pri:2, instance:com.qa.testcases.TS001@3c41ed1d]" name="TS001_TC003" class="com.qa.testcases.TS001"/>
      </group> <!-- functional -->
      <group name="smoke">
        <method signature="TS001.TS001_TC002(java.lang.String)[pri:1, instance:com.qa.testcases.TS001@35e2d654]" name="TS001_TC002" class="com.qa.testcases.TS001"/>
        <method signature="TS001.TS001_TC004()[pri:5, instance:com.qa.testcases.TS001@35e2d654]" name="TS001_TC004" class="com.qa.testcases.TS001"/>
        <method signature="TS001.TS001_TC002(java.lang.String)[pri:1, instance:com.qa.testcases.TS001@3c41ed1d]" name="TS001_TC002" class="com.qa.testcases.TS001"/>
        <method signature="TS001.TS001_TC004()[pri:5, instance:com.qa.testcases.TS001@3c41ed1d]" name="TS001_TC004" class="com.qa.testcases.TS001"/>
      </group> <!-- smoke -->
      <group name="sanity">
        <method signature="TS001.TS001_TC001()[pri:0, instance:com.qa.testcases.TS001@35e2d654]" name="TS001_TC001" class="com.qa.testcases.TS001"/>
        <method signature="TS001.TS001_TC005(java.lang.String)[pri:6, instance:com.qa.testcases.TS001@35e2d654]" name="TS001_TC005" class="com.qa.testcases.TS001"/>
        <method signature="TS001.TS001_TC001()[pri:0, instance:com.qa.testcases.TS001@3c41ed1d]" name="TS001_TC001" class="com.qa.testcases.TS001"/>
        <method signature="TS001.TS001_TC005(java.lang.String)[pri:6, instance:com.qa.testcases.TS001@3c41ed1d]" name="TS001_TC005" class="com.qa.testcases.TS001"/>
      </group> <!-- sanity -->
    </groups>
    <test started-at="2025-04-05T19:16:32 IST" name="Test1" finished-at="2025-04-05T19:17:02 IST" duration-ms="30802">
      <class name="com.qa.testcases.TS001">
        <test-method signature="TS001_TC001()[pri:0, instance:com.qa.testcases.TS001@35e2d654]" started-at="2025-04-05T19:16:40 IST" name="TS001_TC001" description="Verify that the Create an Account form contains below mentioned fields : -

Labels: -
&quot;First Name&quot;
&quot;Last Name&quot;
&quot;Email&quot;
&quot;Password&quot;
&quot;Confirm Password&quot;

Textboxes:-
&quot;First Name&quot; textbox
&quot;Last Name&quot; textbox
&quot;Email&quot; textbox
&quot;Password&quot; textbox
&quot;Confirm Password&quot; textbox

Buttons:-
&quot;Create an account&quot; button" finished-at="2025-04-05T19:16:43 IST" duration-ms="3002" status="PASS">
          <reporter-output>
          </reporter-output>
        </test-method> <!-- TS001_TC001 -->
        <test-method signature="TS001_TC002(java.lang.String)[pri:1, instance:com.qa.testcases.TS001@35e2d654]" started-at="2025-04-05T19:16:45 IST" name="TS001_TC002" description="Verify presence of valid placeholder under Password label Textbox. Minimum length of this field must be equal or greater than 8 symbols. Leading and trailing spaces will be ignored." data-provider="TestData" finished-at="2025-04-05T19:16:47 IST" duration-ms="1522" status="PASS">
          <params>
            <param index="0">
              <value>
                <![CDATA[demop]]>
              </value>
            </param>
          </params>
          <reporter-output>
          </reporter-output>
        </test-method> <!-- TS001_TC002 -->
        <test-method signature="TS001_TC002(java.lang.String)[pri:1, instance:com.qa.testcases.TS001@35e2d654]" started-at="2025-04-05T19:16:47 IST" name="TS001_TC002" description="Verify presence of valid placeholder under Password label Textbox. Minimum length of this field must be equal or greater than 8 symbols. Leading and trailing spaces will be ignored." data-provider="TestData" finished-at="2025-04-05T19:16:48 IST" duration-ms="1645" status="PASS">
          <params>
            <param index="0">
              <value>
                <![CDATA[lemo]]>
              </value>
            </param>
          </params>
          <reporter-output>
          </reporter-output>
        </test-method> <!-- TS001_TC002 -->
        <test-method signature="TS001_TC002(java.lang.String)[pri:1, instance:com.qa.testcases.TS001@35e2d654]" started-at="2025-04-05T19:16:48 IST" name="TS001_TC002" description="Verify presence of valid placeholder under Password label Textbox. Minimum length of this field must be equal or greater than 8 symbols. Leading and trailing spaces will be ignored." data-provider="TestData" finished-at="2025-04-05T19:16:50 IST" duration-ms="1629" status="PASS">
          <params>
            <param index="0">
              <value>
                <![CDATA[demop]]>
              </value>
            </param>
          </params>
          <reporter-output>
          </reporter-output>
        </test-method> <!-- TS001_TC002 -->
        <test-method signature="TS001_TC002(java.lang.String)[pri:1, instance:com.qa.testcases.TS001@35e2d654]" started-at="2025-04-05T19:16:50 IST" name="TS001_TC002" description="Verify presence of valid placeholder under Password label Textbox. Minimum length of this field must be equal or greater than 8 symbols. Leading and trailing spaces will be ignored." data-provider="TestData" finished-at="2025-04-05T19:16:51 IST" duration-ms="1339" status="PASS">
          <params>
            <param index="0">
              <value>
                <![CDATA[lemo]]>
              </value>
            </param>
          </params>
          <reporter-output>
          </reporter-output>
        </test-method> <!-- TS001_TC002 -->
        <test-method signature="TS001_TC003()[pri:2, instance:com.qa.testcases.TS001@35e2d654]" started-at="2025-04-05T19:16:51 IST" name="TS001_TC003" description="Verify that system generates a validation message when clicking on submit button without filling all the mandatory fields." finished-at="2025-04-05T19:16:53 IST" duration-ms="1719" status="PASS">
          <reporter-output>
          </reporter-output>
        </test-method> <!-- TS001_TC003 -->
        <test-method signature="TS001_TC004()[pri:5, instance:com.qa.testcases.TS001@35e2d654]" started-at="2025-04-05T19:16:53 IST" name="TS001_TC004" description="Verify that entering blank spaces on mandatory fields lead to validation error" finished-at="2025-04-05T19:16:56 IST" duration-ms="2621" status="PASS">
          <reporter-output>
          </reporter-output>
        </test-method> <!-- TS001_TC004 -->
        <test-method signature="TS001_TC005(java.lang.String)[pri:6, instance:com.qa.testcases.TS001@35e2d654]" started-at="2025-04-05T19:16:56 IST" name="TS001_TC005" description="Verify that the password is in encrypted form when entered" data-provider="TestData" finished-at="2025-04-05T19:16:57 IST" duration-ms="1507" status="PASS">
          <params>
            <param index="0">
              <value>
                <![CDATA[demo]]>
              </value>
            </param>
          </params>
          <reporter-output>
          </reporter-output>
        </test-method> <!-- TS001_TC005 -->
        <test-method signature="TS001_TC005(java.lang.String)[pri:6, instance:com.qa.testcases.TS001@35e2d654]" started-at="2025-04-05T19:16:57 IST" name="TS001_TC005" description="Verify that the password is in encrypted form when entered" data-provider="TestData" finished-at="2025-04-05T19:16:59 IST" duration-ms="1403" status="PASS">
          <params>
            <param index="0">
              <value>
                <![CDATA[lemo]]>
              </value>
            </param>
          </params>
          <reporter-output>
          </reporter-output>
        </test-method> <!-- TS001_TC005 -->
        <test-method signature="TS001_TC005(java.lang.String)[pri:6, instance:com.qa.testcases.TS001@35e2d654]" started-at="2025-04-05T19:16:59 IST" name="TS001_TC005" description="Verify that the password is in encrypted form when entered" data-provider="TestData" finished-at="2025-04-05T19:17:01 IST" duration-ms="2231" status="PASS">
          <params>
            <param index="0">
              <value>
                <![CDATA[demo]]>
              </value>
            </param>
          </params>
          <reporter-output>
          </reporter-output>
        </test-method> <!-- TS001_TC005 -->
        <test-method signature="TS001_TC005(java.lang.String)[pri:6, instance:com.qa.testcases.TS001@35e2d654]" started-at="2025-04-05T19:17:01 IST" name="TS001_TC005" description="Verify that the password is in encrypted form when entered" data-provider="TestData" finished-at="2025-04-05T19:17:02 IST" duration-ms="1486" status="PASS">
          <params>
            <param index="0">
              <value>
                <![CDATA[lemo]]>
              </value>
            </param>
          </params>
          <reporter-output>
          </reporter-output>
        </test-method> <!-- TS001_TC005 -->
      </class> <!-- com.qa.testcases.TS001 -->
    </test> <!-- Test1 -->
    <test started-at="2025-04-05T19:17:03 IST" name="Test2" finished-at="2025-04-05T19:17:36 IST" duration-ms="32652">
      <class name="com.qa.testcases.TS001">
        <test-method signature="TS001_TC001()[pri:0, instance:com.qa.testcases.TS001@3c41ed1d]" started-at="2025-04-05T19:17:16 IST" name="TS001_TC001" description="Verify that the Create an Account form contains below mentioned fields : -

Labels: -
&quot;First Name&quot;
&quot;Last Name&quot;
&quot;Email&quot;
&quot;Password&quot;
&quot;Confirm Password&quot;

Textboxes:-
&quot;First Name&quot; textbox
&quot;Last Name&quot; textbox
&quot;Email&quot; textbox
&quot;Password&quot; textbox
&quot;Confirm Password&quot; textbox

Buttons:-
&quot;Create an account&quot; button" finished-at="2025-04-05T19:17:19 IST" duration-ms="2418" status="PASS">
          <reporter-output>
          </reporter-output>
        </test-method> <!-- TS001_TC001 -->
        <test-method signature="TS001_TC002(java.lang.String)[pri:1, instance:com.qa.testcases.TS001@3c41ed1d]" started-at="2025-04-05T19:17:19 IST" name="TS001_TC002" description="Verify presence of valid placeholder under Password label Textbox. Minimum length of this field must be equal or greater than 8 symbols. Leading and trailing spaces will be ignored." data-provider="TestData" finished-at="2025-04-05T19:17:20 IST" duration-ms="1680" status="FAIL">
          <params>
            <param index="0">
              <value>
                <![CDATA[demop]]>
              </value>
            </param>
          </params>
          <exception class="org.openqa.selenium.NoSuchElementException">
            <message>
              <![CDATA[Unable to locate element: //*[@id='password-error']
For documentation on this error, please visit: https://www.selenium.dev/documentation/webdriver/troubleshooting/errors#no-such-element-exception
Build info: version: '4.27.0', revision: 'd6e718d134'
System info: os.name: 'Windows 11', os.arch: 'amd64', os.version: '10.0', java.version: '23.0.1'
Driver info: org.openqa.selenium.firefox.FirefoxDriver
Command: [d883c2eb-625b-4246-8ee2-9b58755828e0, findElement {using=xpath, value=//*[@id='password-error']}]
Capabilities {acceptInsecureCerts: true, browserName: firefox, browserVersion: 137.0, moz:accessibilityChecks: false, moz:buildID: 20250327043313, moz:debuggerAddress: 127.0.0.1:46080, moz:geckodriverVersion: 0.36.0, moz:headless: false, moz:platformVersion: 10.0, moz:processID: 13868, moz:profile: C:\Users\razda\AppData\Loca..., moz:shutdownTimeout: 60000, moz:webdriverClick: true, moz:windowless: false, pageLoadStrategy: normal, platformName: windows, proxy: Proxy(), se:cdp: ws://127.0.0.1:46080/devtoo..., se:cdpVersion: 85.0, setWindowRect: true, strictFileInteractability: false, timeouts: {implicit: 0, pageLoad: 300000, script: 30000}, unhandledPromptBehavior: dismiss and notify, userAgent: Mozilla/5.0 (Windows NT 10....}
Session ID: d883c2eb-625b-4246-8ee2-9b58755828e0]]>
            </message>
            <full-stacktrace>
              <![CDATA[org.openqa.selenium.NoSuchElementException: Unable to locate element: //*[@id='password-error']
For documentation on this error, please visit: https://www.selenium.dev/documentation/webdriver/troubleshooting/errors#no-such-element-exception
Build info: version: '4.27.0', revision: 'd6e718d134'
System info: os.name: 'Windows 11', os.arch: 'amd64', os.version: '10.0', java.version: '23.0.1'
Driver info: org.openqa.selenium.firefox.FirefoxDriver
Command: [d883c2eb-625b-4246-8ee2-9b58755828e0, findElement {using=xpath, value=//*[@id='password-error']}]
Capabilities {acceptInsecureCerts: true, browserName: firefox, browserVersion: 137.0, moz:accessibilityChecks: false, moz:buildID: 20250327043313, moz:debuggerAddress: 127.0.0.1:46080, moz:geckodriverVersion: 0.36.0, moz:headless: false, moz:platformVersion: 10.0, moz:processID: 13868, moz:profile: C:\Users\razda\AppData\Loca..., moz:shutdownTimeout: 60000, moz:webdriverClick: true, moz:windowless: false, pageLoadStrategy: normal, platformName: windows, proxy: Proxy(), se:cdp: ws://127.0.0.1:46080/devtoo..., se:cdpVersion: 85.0, setWindowRect: true, strictFileInteractability: false, timeouts: {implicit: 0, pageLoad: 300000, script: 30000}, unhandledPromptBehavior: dismiss and notify, userAgent: Mozilla/5.0 (Windows NT 10....}
Session ID: d883c2eb-625b-4246-8ee2-9b58755828e0
at java.base/jdk.internal.reflect.DirectConstructorHandleAccessor.newInstance(DirectConstructorHandleAccessor.java:62)
at java.base/java.lang.reflect.Constructor.newInstanceWithCaller(Constructor.java:501)
at java.base/java.lang.reflect.Constructor.newInstance(Constructor.java:485)
at org.openqa.selenium.remote.ErrorCodec.decode(ErrorCodec.java:167)
at org.openqa.selenium.remote.codec.w3c.W3CHttpResponseCodec.decode(W3CHttpResponseCodec.java:138)
at org.openqa.selenium.remote.codec.w3c.W3CHttpResponseCodec.decode(W3CHttpResponseCodec.java:50)
at org.openqa.selenium.remote.HttpCommandExecutor.execute(HttpCommandExecutor.java:190)
at org.openqa.selenium.remote.service.DriverCommandExecutor.invokeExecute(DriverCommandExecutor.java:216)
at org.openqa.selenium.remote.service.DriverCommandExecutor.execute(DriverCommandExecutor.java:174)
at org.openqa.selenium.remote.RemoteWebDriver.execute(RemoteWebDriver.java:545)
at org.openqa.selenium.remote.ElementLocation$ElementFinder$2.findElement(ElementLocation.java:165)
at org.openqa.selenium.remote.ElementLocation.findElement(ElementLocation.java:59)
at org.openqa.selenium.remote.RemoteWebDriver.findElement(RemoteWebDriver.java:368)
at org.openqa.selenium.remote.RemoteWebDriver.findElement(RemoteWebDriver.java:362)
at org.openqa.selenium.support.pagefactory.DefaultElementLocator.findElement(DefaultElementLocator.java:68)
at org.openqa.selenium.support.pagefactory.internal.LocatingElementHandler.invoke(LocatingElementHandler.java:38)
at jdk.proxy2/jdk.proxy2.$Proxy13.getText(Unknown Source)
at com.qa.pages.CreateAccountPage.GetPasswordTextboxErrorMessage(CreateAccountPage.java:189)
at com.qa.testcases.TS001.TS001_TC002(TS001.java:72)
at java.base/jdk.internal.reflect.DirectMethodHandleAccessor.invoke(DirectMethodHandleAccessor.java:103)
at java.base/java.lang.reflect.Method.invoke(Method.java:580)
at org.testng.internal.MethodInvocationHelper.invokeMethod(MethodInvocationHelper.java:133)
at org.testng.internal.TestInvoker.invokeMethod(TestInvoker.java:598)
at org.testng.internal.TestInvoker.invokeTestMethod(TestInvoker.java:173)
at org.testng.internal.MethodRunner.runInSequence(MethodRunner.java:46)
at org.testng.internal.TestInvoker$MethodInvocationAgent.invoke(TestInvoker.java:824)
at org.testng.internal.TestInvoker.invokeTestMethods(TestInvoker.java:146)
at org.testng.internal.TestMethodWorker.invokeTestMethods(TestMethodWorker.java:146)
at org.testng.internal.TestMethodWorker.run(TestMethodWorker.java:128)
at java.base/java.util.ArrayList.forEach(ArrayList.java:1597)
at org.testng.TestRunner.privateRun(TestRunner.java:794)
at org.testng.TestRunner.run(TestRunner.java:596)
at org.testng.SuiteRunner.runTest(SuiteRunner.java:377)
at org.testng.SuiteRunner.runSequentially(SuiteRunner.java:371)
at org.testng.SuiteRunner.privateRun(SuiteRunner.java:332)
at org.testng.SuiteRunner.run(SuiteRunner.java:276)
at org.testng.SuiteRunnerWorker.runSuite(SuiteRunnerWorker.java:53)
at org.testng.SuiteRunnerWorker.run(SuiteRunnerWorker.java:96)
at org.testng.TestNG.runSuitesSequentially(TestNG.java:1212)
at org.testng.TestNG.runSuitesLocally(TestNG.java:1134)
at org.testng.TestNG.runSuites(TestNG.java:1063)
at org.testng.TestNG.run(TestNG.java:1031)
at org.testng.remote.AbstractRemoteTestNG.run(AbstractRemoteTestNG.java:115)
at org.testng.remote.RemoteTestNG.initAndRun(RemoteTestNG.java:293)
at org.testng.remote.RemoteTestNG.main(RemoteTestNG.java:91)
]]>
            </full-stacktrace>
          </exception> <!-- org.openqa.selenium.NoSuchElementException -->
          <reporter-output>
          </reporter-output>
        </test-method> <!-- TS001_TC002 -->
        <test-method signature="TS001_TC002(java.lang.String)[pri:1, instance:com.qa.testcases.TS001@3c41ed1d]" started-at="2025-04-05T19:17:21 IST" name="TS001_TC002" description="Verify presence of valid placeholder under Password label Textbox. Minimum length of this field must be equal or greater than 8 symbols. Leading and trailing spaces will be ignored." data-provider="TestData" finished-at="2025-04-05T19:17:22 IST" duration-ms="1521" status="FAIL">
          <params>
            <param index="0">
              <value>
                <![CDATA[lemo]]>
              </value>
            </param>
          </params>
          <exception class="org.openqa.selenium.NoSuchElementException">
            <message>
              <![CDATA[Unable to locate element: //*[@id='password-error']
For documentation on this error, please visit: https://www.selenium.dev/documentation/webdriver/troubleshooting/errors#no-such-element-exception
Build info: version: '4.27.0', revision: 'd6e718d134'
System info: os.name: 'Windows 11', os.arch: 'amd64', os.version: '10.0', java.version: '23.0.1'
Driver info: org.openqa.selenium.firefox.FirefoxDriver
Command: [d883c2eb-625b-4246-8ee2-9b58755828e0, findElement {using=xpath, value=//*[@id='password-error']}]
Capabilities {acceptInsecureCerts: true, browserName: firefox, browserVersion: 137.0, moz:accessibilityChecks: false, moz:buildID: 20250327043313, moz:debuggerAddress: 127.0.0.1:46080, moz:geckodriverVersion: 0.36.0, moz:headless: false, moz:platformVersion: 10.0, moz:processID: 13868, moz:profile: C:\Users\razda\AppData\Loca..., moz:shutdownTimeout: 60000, moz:webdriverClick: true, moz:windowless: false, pageLoadStrategy: normal, platformName: windows, proxy: Proxy(), se:cdp: ws://127.0.0.1:46080/devtoo..., se:cdpVersion: 85.0, setWindowRect: true, strictFileInteractability: false, timeouts: {implicit: 0, pageLoad: 300000, script: 30000}, unhandledPromptBehavior: dismiss and notify, userAgent: Mozilla/5.0 (Windows NT 10....}
Session ID: d883c2eb-625b-4246-8ee2-9b58755828e0]]>
            </message>
            <full-stacktrace>
              <![CDATA[org.openqa.selenium.NoSuchElementException: Unable to locate element: //*[@id='password-error']
For documentation on this error, please visit: https://www.selenium.dev/documentation/webdriver/troubleshooting/errors#no-such-element-exception
Build info: version: '4.27.0', revision: 'd6e718d134'
System info: os.name: 'Windows 11', os.arch: 'amd64', os.version: '10.0', java.version: '23.0.1'
Driver info: org.openqa.selenium.firefox.FirefoxDriver
Command: [d883c2eb-625b-4246-8ee2-9b58755828e0, findElement {using=xpath, value=//*[@id='password-error']}]
Capabilities {acceptInsecureCerts: true, browserName: firefox, browserVersion: 137.0, moz:accessibilityChecks: false, moz:buildID: 20250327043313, moz:debuggerAddress: 127.0.0.1:46080, moz:geckodriverVersion: 0.36.0, moz:headless: false, moz:platformVersion: 10.0, moz:processID: 13868, moz:profile: C:\Users\razda\AppData\Loca..., moz:shutdownTimeout: 60000, moz:webdriverClick: true, moz:windowless: false, pageLoadStrategy: normal, platformName: windows, proxy: Proxy(), se:cdp: ws://127.0.0.1:46080/devtoo..., se:cdpVersion: 85.0, setWindowRect: true, strictFileInteractability: false, timeouts: {implicit: 0, pageLoad: 300000, script: 30000}, unhandledPromptBehavior: dismiss and notify, userAgent: Mozilla/5.0 (Windows NT 10....}
Session ID: d883c2eb-625b-4246-8ee2-9b58755828e0
at java.base/jdk.internal.reflect.DirectConstructorHandleAccessor.newInstance(DirectConstructorHandleAccessor.java:62)
at java.base/java.lang.reflect.Constructor.newInstanceWithCaller(Constructor.java:501)
at java.base/java.lang.reflect.Constructor.newInstance(Constructor.java:485)
at org.openqa.selenium.remote.ErrorCodec.decode(ErrorCodec.java:167)
at org.openqa.selenium.remote.codec.w3c.W3CHttpResponseCodec.decode(W3CHttpResponseCodec.java:138)
at org.openqa.selenium.remote.codec.w3c.W3CHttpResponseCodec.decode(W3CHttpResponseCodec.java:50)
at org.openqa.selenium.remote.HttpCommandExecutor.execute(HttpCommandExecutor.java:190)
at org.openqa.selenium.remote.service.DriverCommandExecutor.invokeExecute(DriverCommandExecutor.java:216)
at org.openqa.selenium.remote.service.DriverCommandExecutor.execute(DriverCommandExecutor.java:174)
at org.openqa.selenium.remote.RemoteWebDriver.execute(RemoteWebDriver.java:545)
at org.openqa.selenium.remote.ElementLocation$ElementFinder$2.findElement(ElementLocation.java:165)
at org.openqa.selenium.remote.ElementLocation.findElement(ElementLocation.java:59)
at org.openqa.selenium.remote.RemoteWebDriver.findElement(RemoteWebDriver.java:368)
at org.openqa.selenium.remote.RemoteWebDriver.findElement(RemoteWebDriver.java:362)
at org.openqa.selenium.support.pagefactory.DefaultElementLocator.findElement(DefaultElementLocator.java:68)
at org.openqa.selenium.support.pagefactory.internal.LocatingElementHandler.invoke(LocatingElementHandler.java:38)
at jdk.proxy2/jdk.proxy2.$Proxy13.getText(Unknown Source)
at com.qa.pages.CreateAccountPage.GetPasswordTextboxErrorMessage(CreateAccountPage.java:189)
at com.qa.testcases.TS001.TS001_TC002(TS001.java:72)
at java.base/jdk.internal.reflect.DirectMethodHandleAccessor.invoke(DirectMethodHandleAccessor.java:103)
at java.base/java.lang.reflect.Method.invoke(Method.java:580)
at org.testng.internal.MethodInvocationHelper.invokeMethod(MethodInvocationHelper.java:133)
at org.testng.internal.TestInvoker.invokeMethod(TestInvoker.java:598)
at org.testng.internal.TestInvoker.invokeTestMethod(TestInvoker.java:173)
at org.testng.internal.MethodRunner.runInSequence(MethodRunner.java:46)
at org.testng.internal.TestInvoker$MethodInvocationAgent.invoke(TestInvoker.java:824)
at org.testng.internal.TestInvoker.invokeTestMethods(TestInvoker.java:146)
at org.testng.internal.TestMethodWorker.invokeTestMethods(TestMethodWorker.java:146)
at org.testng.internal.TestMethodWorker.run(TestMethodWorker.java:128)
at java.base/java.util.ArrayList.forEach(ArrayList.java:1597)
at org.testng.TestRunner.privateRun(TestRunner.java:794)
at org.testng.TestRunner.run(TestRunner.java:596)
at org.testng.SuiteRunner.runTest(SuiteRunner.java:377)
at org.testng.SuiteRunner.runSequentially(SuiteRunner.java:371)
at org.testng.SuiteRunner.privateRun(SuiteRunner.java:332)
at org.testng.SuiteRunner.run(SuiteRunner.java:276)
at org.testng.SuiteRunnerWorker.runSuite(SuiteRunnerWorker.java:53)
at org.testng.SuiteRunnerWorker.run(SuiteRunnerWorker.java:96)
at org.testng.TestNG.runSuitesSequentially(TestNG.java:1212)
at org.testng.TestNG.runSuitesLocally(TestNG.java:1134)
at org.testng.TestNG.runSuites(TestNG.java:1063)
at org.testng.TestNG.run(TestNG.java:1031)
at org.testng.remote.AbstractRemoteTestNG.run(AbstractRemoteTestNG.java:115)
at org.testng.remote.RemoteTestNG.initAndRun(RemoteTestNG.java:293)
at org.testng.remote.RemoteTestNG.main(RemoteTestNG.java:91)
]]>
            </full-stacktrace>
          </exception> <!-- org.openqa.selenium.NoSuchElementException -->
          <reporter-output>
          </reporter-output>
        </test-method> <!-- TS001_TC002 -->
        <test-method signature="TS001_TC002(java.lang.String)[pri:1, instance:com.qa.testcases.TS001@3c41ed1d]" started-at="2025-04-05T19:17:22 IST" name="TS001_TC002" description="Verify presence of valid placeholder under Password label Textbox. Minimum length of this field must be equal or greater than 8 symbols. Leading and trailing spaces will be ignored." data-provider="TestData" finished-at="2025-04-05T19:17:24 IST" duration-ms="1436" status="FAIL">
          <params>
            <param index="0">
              <value>
                <![CDATA[demop]]>
              </value>
            </param>
          </params>
          <exception class="org.openqa.selenium.NoSuchElementException">
            <message>
              <![CDATA[Unable to locate element: //*[@id='password-error']
For documentation on this error, please visit: https://www.selenium.dev/documentation/webdriver/troubleshooting/errors#no-such-element-exception
Build info: version: '4.27.0', revision: 'd6e718d134'
System info: os.name: 'Windows 11', os.arch: 'amd64', os.version: '10.0', java.version: '23.0.1'
Driver info: org.openqa.selenium.firefox.FirefoxDriver
Command: [d883c2eb-625b-4246-8ee2-9b58755828e0, findElement {using=xpath, value=//*[@id='password-error']}]
Capabilities {acceptInsecureCerts: true, browserName: firefox, browserVersion: 137.0, moz:accessibilityChecks: false, moz:buildID: 20250327043313, moz:debuggerAddress: 127.0.0.1:46080, moz:geckodriverVersion: 0.36.0, moz:headless: false, moz:platformVersion: 10.0, moz:processID: 13868, moz:profile: C:\Users\razda\AppData\Loca..., moz:shutdownTimeout: 60000, moz:webdriverClick: true, moz:windowless: false, pageLoadStrategy: normal, platformName: windows, proxy: Proxy(), se:cdp: ws://127.0.0.1:46080/devtoo..., se:cdpVersion: 85.0, setWindowRect: true, strictFileInteractability: false, timeouts: {implicit: 0, pageLoad: 300000, script: 30000}, unhandledPromptBehavior: dismiss and notify, userAgent: Mozilla/5.0 (Windows NT 10....}
Session ID: d883c2eb-625b-4246-8ee2-9b58755828e0]]>
            </message>
            <full-stacktrace>
              <![CDATA[org.openqa.selenium.NoSuchElementException: Unable to locate element: //*[@id='password-error']
For documentation on this error, please visit: https://www.selenium.dev/documentation/webdriver/troubleshooting/errors#no-such-element-exception
Build info: version: '4.27.0', revision: 'd6e718d134'
System info: os.name: 'Windows 11', os.arch: 'amd64', os.version: '10.0', java.version: '23.0.1'
Driver info: org.openqa.selenium.firefox.FirefoxDriver
Command: [d883c2eb-625b-4246-8ee2-9b58755828e0, findElement {using=xpath, value=//*[@id='password-error']}]
Capabilities {acceptInsecureCerts: true, browserName: firefox, browserVersion: 137.0, moz:accessibilityChecks: false, moz:buildID: 20250327043313, moz:debuggerAddress: 127.0.0.1:46080, moz:geckodriverVersion: 0.36.0, moz:headless: false, moz:platformVersion: 10.0, moz:processID: 13868, moz:profile: C:\Users\razda\AppData\Loca..., moz:shutdownTimeout: 60000, moz:webdriverClick: true, moz:windowless: false, pageLoadStrategy: normal, platformName: windows, proxy: Proxy(), se:cdp: ws://127.0.0.1:46080/devtoo..., se:cdpVersion: 85.0, setWindowRect: true, strictFileInteractability: false, timeouts: {implicit: 0, pageLoad: 300000, script: 30000}, unhandledPromptBehavior: dismiss and notify, userAgent: Mozilla/5.0 (Windows NT 10....}
Session ID: d883c2eb-625b-4246-8ee2-9b58755828e0
at java.base/jdk.internal.reflect.DirectConstructorHandleAccessor.newInstance(DirectConstructorHandleAccessor.java:62)
at java.base/java.lang.reflect.Constructor.newInstanceWithCaller(Constructor.java:501)
at java.base/java.lang.reflect.Constructor.newInstance(Constructor.java:485)
at org.openqa.selenium.remote.ErrorCodec.decode(ErrorCodec.java:167)
at org.openqa.selenium.remote.codec.w3c.W3CHttpResponseCodec.decode(W3CHttpResponseCodec.java:138)
at org.openqa.selenium.remote.codec.w3c.W3CHttpResponseCodec.decode(W3CHttpResponseCodec.java:50)
at org.openqa.selenium.remote.HttpCommandExecutor.execute(HttpCommandExecutor.java:190)
at org.openqa.selenium.remote.service.DriverCommandExecutor.invokeExecute(DriverCommandExecutor.java:216)
at org.openqa.selenium.remote.service.DriverCommandExecutor.execute(DriverCommandExecutor.java:174)
at org.openqa.selenium.remote.RemoteWebDriver.execute(RemoteWebDriver.java:545)
at org.openqa.selenium.remote.ElementLocation$ElementFinder$2.findElement(ElementLocation.java:165)
at org.openqa.selenium.remote.ElementLocation.findElement(ElementLocation.java:59)
at org.openqa.selenium.remote.RemoteWebDriver.findElement(RemoteWebDriver.java:368)
at org.openqa.selenium.remote.RemoteWebDriver.findElement(RemoteWebDriver.java:362)
at org.openqa.selenium.support.pagefactory.DefaultElementLocator.findElement(DefaultElementLocator.java:68)
at org.openqa.selenium.support.pagefactory.internal.LocatingElementHandler.invoke(LocatingElementHandler.java:38)
at jdk.proxy2/jdk.proxy2.$Proxy13.getText(Unknown Source)
at com.qa.pages.CreateAccountPage.GetPasswordTextboxErrorMessage(CreateAccountPage.java:189)
at com.qa.testcases.TS001.TS001_TC002(TS001.java:72)
at java.base/jdk.internal.reflect.DirectMethodHandleAccessor.invoke(DirectMethodHandleAccessor.java:103)
at java.base/java.lang.reflect.Method.invoke(Method.java:580)
at org.testng.internal.MethodInvocationHelper.invokeMethod(MethodInvocationHelper.java:133)
at org.testng.internal.TestInvoker.invokeMethod(TestInvoker.java:598)
at org.testng.internal.TestInvoker.invokeTestMethod(TestInvoker.java:173)
at org.testng.internal.MethodRunner.runInSequence(MethodRunner.java:46)
at org.testng.internal.TestInvoker$MethodInvocationAgent.invoke(TestInvoker.java:824)
at org.testng.internal.TestInvoker.invokeTestMethods(TestInvoker.java:146)
at org.testng.internal.TestMethodWorker.invokeTestMethods(TestMethodWorker.java:146)
at org.testng.internal.TestMethodWorker.run(TestMethodWorker.java:128)
at java.base/java.util.ArrayList.forEach(ArrayList.java:1597)
at org.testng.TestRunner.privateRun(TestRunner.java:794)
at org.testng.TestRunner.run(TestRunner.java:596)
at org.testng.SuiteRunner.runTest(SuiteRunner.java:377)
at org.testng.SuiteRunner.runSequentially(SuiteRunner.java:371)
at org.testng.SuiteRunner.privateRun(SuiteRunner.java:332)
at org.testng.SuiteRunner.run(SuiteRunner.java:276)
at org.testng.SuiteRunnerWorker.runSuite(SuiteRunnerWorker.java:53)
at org.testng.SuiteRunnerWorker.run(SuiteRunnerWorker.java:96)
at org.testng.TestNG.runSuitesSequentially(TestNG.java:1212)
at org.testng.TestNG.runSuitesLocally(TestNG.java:1134)
at org.testng.TestNG.runSuites(TestNG.java:1063)
at org.testng.TestNG.run(TestNG.java:1031)
at org.testng.remote.AbstractRemoteTestNG.run(AbstractRemoteTestNG.java:115)
at org.testng.remote.RemoteTestNG.initAndRun(RemoteTestNG.java:293)
at org.testng.remote.RemoteTestNG.main(RemoteTestNG.java:91)
]]>
            </full-stacktrace>
          </exception> <!-- org.openqa.selenium.NoSuchElementException -->
          <reporter-output>
          </reporter-output>
        </test-method> <!-- TS001_TC002 -->
        <test-method signature="TS001_TC002(java.lang.String)[pri:1, instance:com.qa.testcases.TS001@3c41ed1d]" started-at="2025-04-05T19:17:24 IST" name="TS001_TC002" description="Verify presence of valid placeholder under Password label Textbox. Minimum length of this field must be equal or greater than 8 symbols. Leading and trailing spaces will be ignored." data-provider="TestData" finished-at="2025-04-05T19:17:25 IST" duration-ms="1426" status="FAIL">
          <params>
            <param index="0">
              <value>
                <![CDATA[lemo]]>
              </value>
            </param>
          </params>
          <exception class="org.openqa.selenium.NoSuchElementException">
            <message>
              <![CDATA[Unable to locate element: //*[@id='password-error']
For documentation on this error, please visit: https://www.selenium.dev/documentation/webdriver/troubleshooting/errors#no-such-element-exception
Build info: version: '4.27.0', revision: 'd6e718d134'
System info: os.name: 'Windows 11', os.arch: 'amd64', os.version: '10.0', java.version: '23.0.1'
Driver info: org.openqa.selenium.firefox.FirefoxDriver
Command: [d883c2eb-625b-4246-8ee2-9b58755828e0, findElement {using=xpath, value=//*[@id='password-error']}]
Capabilities {acceptInsecureCerts: true, browserName: firefox, browserVersion: 137.0, moz:accessibilityChecks: false, moz:buildID: 20250327043313, moz:debuggerAddress: 127.0.0.1:46080, moz:geckodriverVersion: 0.36.0, moz:headless: false, moz:platformVersion: 10.0, moz:processID: 13868, moz:profile: C:\Users\razda\AppData\Loca..., moz:shutdownTimeout: 60000, moz:webdriverClick: true, moz:windowless: false, pageLoadStrategy: normal, platformName: windows, proxy: Proxy(), se:cdp: ws://127.0.0.1:46080/devtoo..., se:cdpVersion: 85.0, setWindowRect: true, strictFileInteractability: false, timeouts: {implicit: 0, pageLoad: 300000, script: 30000}, unhandledPromptBehavior: dismiss and notify, userAgent: Mozilla/5.0 (Windows NT 10....}
Session ID: d883c2eb-625b-4246-8ee2-9b58755828e0]]>
            </message>
            <full-stacktrace>
              <![CDATA[org.openqa.selenium.NoSuchElementException: Unable to locate element: //*[@id='password-error']
For documentation on this error, please visit: https://www.selenium.dev/documentation/webdriver/troubleshooting/errors#no-such-element-exception
Build info: version: '4.27.0', revision: 'd6e718d134'
System info: os.name: 'Windows 11', os.arch: 'amd64', os.version: '10.0', java.version: '23.0.1'
Driver info: org.openqa.selenium.firefox.FirefoxDriver
Command: [d883c2eb-625b-4246-8ee2-9b58755828e0, findElement {using=xpath, value=//*[@id='password-error']}]
Capabilities {acceptInsecureCerts: true, browserName: firefox, browserVersion: 137.0, moz:accessibilityChecks: false, moz:buildID: 20250327043313, moz:debuggerAddress: 127.0.0.1:46080, moz:geckodriverVersion: 0.36.0, moz:headless: false, moz:platformVersion: 10.0, moz:processID: 13868, moz:profile: C:\Users\razda\AppData\Loca..., moz:shutdownTimeout: 60000, moz:webdriverClick: true, moz:windowless: false, pageLoadStrategy: normal, platformName: windows, proxy: Proxy(), se:cdp: ws://127.0.0.1:46080/devtoo..., se:cdpVersion: 85.0, setWindowRect: true, strictFileInteractability: false, timeouts: {implicit: 0, pageLoad: 300000, script: 30000}, unhandledPromptBehavior: dismiss and notify, userAgent: Mozilla/5.0 (Windows NT 10....}
Session ID: d883c2eb-625b-4246-8ee2-9b58755828e0
at java.base/jdk.internal.reflect.DirectConstructorHandleAccessor.newInstance(DirectConstructorHandleAccessor.java:62)
at java.base/java.lang.reflect.Constructor.newInstanceWithCaller(Constructor.java:501)
at java.base/java.lang.reflect.Constructor.newInstance(Constructor.java:485)
at org.openqa.selenium.remote.ErrorCodec.decode(ErrorCodec.java:167)
at org.openqa.selenium.remote.codec.w3c.W3CHttpResponseCodec.decode(W3CHttpResponseCodec.java:138)
at org.openqa.selenium.remote.codec.w3c.W3CHttpResponseCodec.decode(W3CHttpResponseCodec.java:50)
at org.openqa.selenium.remote.HttpCommandExecutor.execute(HttpCommandExecutor.java:190)
at org.openqa.selenium.remote.service.DriverCommandExecutor.invokeExecute(DriverCommandExecutor.java:216)
at org.openqa.selenium.remote.service.DriverCommandExecutor.execute(DriverCommandExecutor.java:174)
at org.openqa.selenium.remote.RemoteWebDriver.execute(RemoteWebDriver.java:545)
at org.openqa.selenium.remote.ElementLocation$ElementFinder$2.findElement(ElementLocation.java:165)
at org.openqa.selenium.remote.ElementLocation.findElement(ElementLocation.java:59)
at org.openqa.selenium.remote.RemoteWebDriver.findElement(RemoteWebDriver.java:368)
at org.openqa.selenium.remote.RemoteWebDriver.findElement(RemoteWebDriver.java:362)
at org.openqa.selenium.support.pagefactory.DefaultElementLocator.findElement(DefaultElementLocator.java:68)
at org.openqa.selenium.support.pagefactory.internal.LocatingElementHandler.invoke(LocatingElementHandler.java:38)
at jdk.proxy2/jdk.proxy2.$Proxy13.getText(Unknown Source)
at com.qa.pages.CreateAccountPage.GetPasswordTextboxErrorMessage(CreateAccountPage.java:189)
at com.qa.testcases.TS001.TS001_TC002(TS001.java:72)
at java.base/jdk.internal.reflect.DirectMethodHandleAccessor.invoke(DirectMethodHandleAccessor.java:103)
at java.base/java.lang.reflect.Method.invoke(Method.java:580)
at org.testng.internal.MethodInvocationHelper.invokeMethod(MethodInvocationHelper.java:133)
at org.testng.internal.TestInvoker.invokeMethod(TestInvoker.java:598)
at org.testng.internal.TestInvoker.invokeTestMethod(TestInvoker.java:173)
at org.testng.internal.MethodRunner.runInSequence(MethodRunner.java:46)
at org.testng.internal.TestInvoker$MethodInvocationAgent.invoke(TestInvoker.java:824)
at org.testng.internal.TestInvoker.invokeTestMethods(TestInvoker.java:146)
at org.testng.internal.TestMethodWorker.invokeTestMethods(TestMethodWorker.java:146)
at org.testng.internal.TestMethodWorker.run(TestMethodWorker.java:128)
at java.base/java.util.ArrayList.forEach(ArrayList.java:1597)
at org.testng.TestRunner.privateRun(TestRunner.java:794)
at org.testng.TestRunner.run(TestRunner.java:596)
at org.testng.SuiteRunner.runTest(SuiteRunner.java:377)
at org.testng.SuiteRunner.runSequentially(SuiteRunner.java:371)
at org.testng.SuiteRunner.privateRun(SuiteRunner.java:332)
at org.testng.SuiteRunner.run(SuiteRunner.java:276)
at org.testng.SuiteRunnerWorker.runSuite(SuiteRunnerWorker.java:53)
at org.testng.SuiteRunnerWorker.run(SuiteRunnerWorker.java:96)
at org.testng.TestNG.runSuitesSequentially(TestNG.java:1212)
at org.testng.TestNG.runSuitesLocally(TestNG.java:1134)
at org.testng.TestNG.runSuites(TestNG.java:1063)
at org.testng.TestNG.run(TestNG.java:1031)
at org.testng.remote.AbstractRemoteTestNG.run(AbstractRemoteTestNG.java:115)
at org.testng.remote.RemoteTestNG.initAndRun(RemoteTestNG.java:293)
at org.testng.remote.RemoteTestNG.main(RemoteTestNG.java:91)
]]>
            </full-stacktrace>
          </exception> <!-- org.openqa.selenium.NoSuchElementException -->
          <reporter-output>
          </reporter-output>
        </test-method> <!-- TS001_TC002 -->
        <test-method signature="TS001_TC003()[pri:2, instance:com.qa.testcases.TS001@3c41ed1d]" started-at="2025-04-05T19:17:25 IST" name="TS001_TC003" description="Verify that system generates a validation message when clicking on submit button without filling all the mandatory fields." finished-at="2025-04-05T19:17:28 IST" duration-ms="2147" status="PASS">
          <reporter-output>
          </reporter-output>
        </test-method> <!-- TS001_TC003 -->
        <test-method signature="TS001_TC004()[pri:5, instance:com.qa.testcases.TS001@3c41ed1d]" started-at="2025-04-05T19:17:28 IST" name="TS001_TC004" description="Verify that entering blank spaces on mandatory fields lead to validation error" finished-at="2025-04-05T19:17:30 IST" duration-ms="2556" status="PASS">
          <reporter-output>
          </reporter-output>
        </test-method> <!-- TS001_TC004 -->
        <test-method signature="TS001_TC005(java.lang.String)[pri:6, instance:com.qa.testcases.TS001@3c41ed1d]" started-at="2025-04-05T19:17:30 IST" name="TS001_TC005" description="Verify that the password is in encrypted form when entered" data-provider="TestData" finished-at="2025-04-05T19:17:32 IST" duration-ms="1594" status="PASS">
          <params>
            <param index="0">
              <value>
                <![CDATA[demo]]>
              </value>
            </param>
          </params>
          <reporter-output>
          </reporter-output>
        </test-method> <!-- TS001_TC005 -->
        <test-method signature="TS001_TC005(java.lang.String)[pri:6, instance:com.qa.testcases.TS001@3c41ed1d]" started-at="2025-04-05T19:17:32 IST" name="TS001_TC005" description="Verify that the password is in encrypted form when entered" data-provider="TestData" finished-at="2025-04-05T19:17:33 IST" duration-ms="1436" status="PASS">
          <params>
            <param index="0">
              <value>
                <![CDATA[lemo]]>
              </value>
            </param>
          </params>
          <reporter-output>
          </reporter-output>
        </test-method> <!-- TS001_TC005 -->
        <test-method signature="TS001_TC005(java.lang.String)[pri:6, instance:com.qa.testcases.TS001@3c41ed1d]" started-at="2025-04-05T19:17:33 IST" name="TS001_TC005" description="Verify that the password is in encrypted form when entered" data-provider="TestData" finished-at="2025-04-05T19:17:35 IST" duration-ms="1408" status="PASS">
          <params>
            <param index="0">
              <value>
                <![CDATA[demo]]>
              </value>
            </param>
          </params>
          <reporter-output>
          </reporter-output>
        </test-method> <!-- TS001_TC005 -->
        <test-method signature="TS001_TC005(java.lang.String)[pri:6, instance:com.qa.testcases.TS001@3c41ed1d]" started-at="2025-04-05T19:17:35 IST" name="TS001_TC005" description="Verify that the password is in encrypted form when entered" data-provider="TestData" finished-at="2025-04-05T19:17:36 IST" duration-ms="1307" status="PASS">
          <params>
            <param index="0">
              <value>
                <![CDATA[lemo]]>
              </value>
            </param>
          </params>
          <reporter-output>
          </reporter-output>
        </test-method> <!-- TS001_TC005 -->
      </class> <!-- com.qa.testcases.TS001 -->
    </test> <!-- Test2 -->
  </suite> <!-- Suite -->
</testng-results>
